<?xml version="1.0" encoding="UTF-8"?>
<testng-results skipped="0" failed="2" ignored="2" total="6" passed="2">
  <reporter-output>
  </reporter-output>
  <suite name="mobile-automation" duration-ms="74259" started-at="2019-11-10T03:00:41 IST" finished-at="2019-11-10T03:01:55 IST">
    <groups>
    </groups>
    <test name="regression" duration-ms="74259" started-at="2019-11-10T03:00:41 IST" finished-at="2019-11-10T03:01:55 IST">
      <class name="com.n26.monefy.automation.runners.TestBalance">
        <test-method status="PASS" signature="start()[pri:0, instance:com.n26.monefy.automation.runners.TestBalance@35d176f7]" name="start" is-config="true" duration-ms="98151" started-at="2019-11-10T02:59:03 IST" finished-at="2019-11-10T03:00:41 IST">
          <reporter-output>
          </reporter-output>
        </test-method> <!-- start -->
        <test-method status="PASS" signature="addExpenseFromHomePage()[pri:0, instance:com.n26.monefy.automation.runners.TestBalance@35d176f7]" name="addExpenseFromHomePage" duration-ms="42363" started-at="2019-11-10T03:00:41 IST" finished-at="2019-11-10T03:01:23 IST">
          <reporter-output>
          </reporter-output>
        </test-method> <!-- addExpenseFromHomePage -->
        <test-method status="PASS" signature="verifyBalanceCalculations()[pri:0, instance:com.n26.monefy.automation.runners.TestBalance@35d176f7]" name="verifyBalanceCalculations" duration-ms="31789" started-at="2019-11-10T03:01:23 IST" finished-at="2019-11-10T03:01:55 IST">
          <reporter-output>
          </reporter-output>
        </test-method> <!-- verifyBalanceCalculations -->
        <test-method status="PASS" signature="stop()[pri:0, instance:com.n26.monefy.automation.runners.TestBalance@35d176f7]" name="stop" is-config="true" duration-ms="7855" started-at="2019-11-10T03:01:55 IST" finished-at="2019-11-10T03:02:03 IST">
          <reporter-output>
          </reporter-output>
        </test-method> <!-- stop -->
      </class> <!-- com.n26.monefy.automation.runners.TestBalance -->
      <class name="com.n26.monefy.automation.runners.TestSettings">
        <test-method status="FAIL" signature="changeToDarkTheme()[pri:0, instance:com.n26.monefy.automation.runners.TestSettings@1dfe2924]" name="changeToDarkTheme" duration-ms="1" started-at="2019-11-10T03:01:55 IST" finished-at="2019-11-10T03:01:55 IST">
          <exception class="java.lang.NullPointerException">
            <full-stacktrace>
              <![CDATA[java.lang.NullPointerException
at com.n26.monefy.automation.pageobjects.BasePage.click(BasePage.java:137)
at com.n26.monefy.automation.pageobjects.HomePage.clickSettings(HomePage.java:39)
at com.n26.monefy.automation.runners.TestSettings.changeToDarkTheme(TestSettings.java:16)
at sun.reflect.NativeMethodAccessorImpl.invoke0(Native Method)
at sun.reflect.NativeMethodAccessorImpl.invoke(NativeMethodAccessorImpl.java:62)
at sun.reflect.DelegatingMethodAccessorImpl.invoke(DelegatingMethodAccessorImpl.java:43)
at java.lang.reflect.Method.invoke(Method.java:498)
at org.testng.internal.MethodInvocationHelper.invokeMethod(MethodInvocationHelper.java:133)
at org.testng.internal.TestInvoker.invokeMethod(TestInvoker.java:584)
at org.testng.internal.TestInvoker.invokeTestMethod(TestInvoker.java:172)
at org.testng.internal.MethodRunner.runInSequence(MethodRunner.java:46)
at org.testng.internal.TestInvoker$MethodInvocationAgent.invoke(TestInvoker.java:804)
at org.testng.internal.TestInvoker.invokeTestMethods(TestInvoker.java:145)
at org.testng.internal.TestMethodWorker.invokeTestMethods(TestMethodWorker.java:146)
at org.testng.internal.TestMethodWorker.run(TestMethodWorker.java:128)
at java.util.ArrayList.forEach(ArrayList.java:1257)
at org.testng.TestRunner.privateRun(TestRunner.java:770)
at org.testng.TestRunner.run(TestRunner.java:591)
at org.testng.SuiteRunner.runTest(SuiteRunner.java:402)
at org.testng.SuiteRunner.runSequentially(SuiteRunner.java:396)
at org.testng.SuiteRunner.privateRun(SuiteRunner.java:355)
at org.testng.SuiteRunner.run(SuiteRunner.java:304)
at org.testng.SuiteRunnerWorker.runSuite(SuiteRunnerWorker.java:53)
at org.testng.SuiteRunnerWorker.run(SuiteRunnerWorker.java:96)
at org.testng.TestNG.runSuitesSequentially(TestNG.java:1180)
at org.testng.TestNG.runSuitesLocally(TestNG.java:1102)
at org.testng.TestNG.runSuites(TestNG.java:1032)
at org.testng.TestNG.run(TestNG.java:1000)
at org.apache.maven.surefire.testng.TestNGExecutor.run(TestNGExecutor.java:283)
at org.apache.maven.surefire.testng.TestNGXmlTestSuite.execute(TestNGXmlTestSuite.java:75)
at org.apache.maven.surefire.testng.TestNGProvider.invoke(TestNGProvider.java:120)
at org.apache.maven.surefire.booter.ForkedBooter.invokeProviderInSameClassLoader(ForkedBooter.java:384)
at org.apache.maven.surefire.booter.ForkedBooter.runSuitesInProcess(ForkedBooter.java:345)
at org.apache.maven.surefire.booter.ForkedBooter.execute(ForkedBooter.java:126)
at org.apache.maven.surefire.booter.ForkedBooter.main(ForkedBooter.java:418)
]]>
            </full-stacktrace>
          </exception> <!-- java.lang.NullPointerException -->
          <reporter-output>
          </reporter-output>
        </test-method> <!-- changeToDarkTheme -->
        <test-method status="FAIL" signature="checkSynchronization()[pri:0, instance:com.n26.monefy.automation.runners.TestSettings@1dfe2924]" name="checkSynchronization" duration-ms="4" started-at="2019-11-10T03:01:55 IST" finished-at="2019-11-10T03:01:55 IST">
          <exception class="java.lang.NullPointerException">
            <full-stacktrace>
              <![CDATA[java.lang.NullPointerException
at com.n26.monefy.automation.pageobjects.BasePage.click(BasePage.java:139)
at com.n26.monefy.automation.pageobjects.SettingsPage.selectDropbox(SettingsPage.java:23)
at com.n26.monefy.automation.runners.TestSettings.checkSynchronization(TestSettings.java:31)
at sun.reflect.NativeMethodAccessorImpl.invoke0(Native Method)
at sun.reflect.NativeMethodAccessorImpl.invoke(NativeMethodAccessorImpl.java:62)
at sun.reflect.DelegatingMethodAccessorImpl.invoke(DelegatingMethodAccessorImpl.java:43)
at java.lang.reflect.Method.invoke(Method.java:498)
at org.testng.internal.MethodInvocationHelper.invokeMethod(MethodInvocationHelper.java:133)
at org.testng.internal.TestInvoker.invokeMethod(TestInvoker.java:584)
at org.testng.internal.TestInvoker.invokeTestMethod(TestInvoker.java:172)
at org.testng.internal.MethodRunner.runInSequence(MethodRunner.java:46)
at org.testng.internal.TestInvoker$MethodInvocationAgent.invoke(TestInvoker.java:804)
at org.testng.internal.TestInvoker.invokeTestMethods(TestInvoker.java:145)
at org.testng.internal.TestMethodWorker.invokeTestMethods(TestMethodWorker.java:146)
at org.testng.internal.TestMethodWorker.run(TestMethodWorker.java:128)
at java.util.ArrayList.forEach(ArrayList.java:1257)
at org.testng.TestRunner.privateRun(TestRunner.java:770)
at org.testng.TestRunner.run(TestRunner.java:591)
at org.testng.SuiteRunner.runTest(SuiteRunner.java:402)
at org.testng.SuiteRunner.runSequentially(SuiteRunner.java:396)
at org.testng.SuiteRunner.privateRun(SuiteRunner.java:355)
at org.testng.SuiteRunner.run(SuiteRunner.java:304)
at org.testng.SuiteRunnerWorker.runSuite(SuiteRunnerWorker.java:53)
at org.testng.SuiteRunnerWorker.run(SuiteRunnerWorker.java:96)
at org.testng.TestNG.runSuitesSequentially(TestNG.java:1180)
at org.testng.TestNG.runSuitesLocally(TestNG.java:1102)
at org.testng.TestNG.runSuites(TestNG.java:1032)
at org.testng.TestNG.run(TestNG.java:1000)
at org.apache.maven.surefire.testng.TestNGExecutor.run(TestNGExecutor.java:283)
at org.apache.maven.surefire.testng.TestNGXmlTestSuite.execute(TestNGXmlTestSuite.java:75)
at org.apache.maven.surefire.testng.TestNGProvider.invoke(TestNGProvider.java:120)
at org.apache.maven.surefire.booter.ForkedBooter.invokeProviderInSameClassLoader(ForkedBooter.java:384)
at org.apache.maven.surefire.booter.ForkedBooter.runSuitesInProcess(ForkedBooter.java:345)
at org.apache.maven.surefire.booter.ForkedBooter.execute(ForkedBooter.java:126)
at org.apache.maven.surefire.booter.ForkedBooter.main(ForkedBooter.java:418)
]]>
            </full-stacktrace>
          </exception> <!-- java.lang.NullPointerException -->
          <reporter-output>
          </reporter-output>
        </test-method> <!-- checkSynchronization -->
      </class> <!-- com.n26.monefy.automation.runners.TestSettings -->
    </test> <!-- regression -->
  </suite> <!-- mobile-automation -->
</testng-results>
